  geometrika.cpp
e:\myprojects\gore\source\gore_math.h(143): warning C4244: 'initializing': conversion from 'double' to 'float', possible loss of data
e:\myprojects\gore\source\gore_math.h(754): warning C4244: '=': conversion from 'u32' to 'float', possible loss of data
e:\myprojects\gore\source\gore_math.h(755): warning C4244: '=': conversion from 'u32' to 'float', possible loss of data
e:\myprojects\gore\source\gore_math.h(756): warning C4244: '=': conversion from 'u32' to 'float', possible loss of data
e:\myprojects\gore\source\gore_math.h(757): warning C4244: '=': conversion from 'u32' to 'float', possible loss of data
e:\myprojects\gore\source\gore_debug_layer.h(5): fatal error C1083: Cannot open include file: 'SDL.h': No such file or directory
  gore_debug.cpp
e:\myprojects\gore\source\gore_math.h(143): warning C4244: 'initializing': conversion from 'double' to 'float', possible loss of data
e:\myprojects\gore\source\gore_math.h(754): warning C4244: '=': conversion from 'u32' to 'float', possible loss of data
e:\myprojects\gore\source\gore_math.h(755): warning C4244: '=': conversion from 'u32' to 'float', possible loss of data
e:\myprojects\gore\source\gore_math.h(756): warning C4244: '=': conversion from 'u32' to 'float', possible loss of data
e:\myprojects\gore\source\gore_math.h(757): warning C4244: '=': conversion from 'u32' to 'float', possible loss of data
e:\myprojects\gore\source\gore_debug_layer.h(5): fatal error C1083: Cannot open include file: 'SDL.h': No such file or directory
  gore_engine.cpp
e:\myprojects\gore\source\gore_math.h(143): warning C4244: 'initializing': conversion from 'double' to 'float', possible loss of data
e:\myprojects\gore\source\gore_math.h(754): warning C4244: '=': conversion from 'u32' to 'float', possible loss of data
e:\myprojects\gore\source\gore_math.h(755): warning C4244: '=': conversion from 'u32' to 'float', possible loss of data
e:\myprojects\gore\source\gore_math.h(756): warning C4244: '=': conversion from 'u32' to 'float', possible loss of data
e:\myprojects\gore\source\gore_math.h(757): warning C4244: '=': conversion from 'u32' to 'float', possible loss of data
e:\myprojects\gore\source\gore_debug_layer.h(5): fatal error C1083: Cannot open include file: 'SDL.h': No such file or directory
  gore_game_common.cpp
e:\myprojects\gore\source\gore_math.h(143): warning C4244: 'initializing': conversion from 'double' to 'float', possible loss of data
e:\myprojects\gore\source\gore_math.h(754): warning C4244: '=': conversion from 'u32' to 'float', possible loss of data
e:\myprojects\gore\source\gore_math.h(755): warning C4244: '=': conversion from 'u32' to 'float', possible loss of data
e:\myprojects\gore\source\gore_math.h(756): warning C4244: '=': conversion from 'u32' to 'float', possible loss of data
e:\myprojects\gore\source\gore_math.h(757): warning C4244: '=': conversion from 'u32' to 'float', possible loss of data
  gore_opengl.cpp
e:\myprojects\gore\source\gore_math.h(143): warning C4244: 'initializing': conversion from 'double' to 'float', possible loss of data
e:\myprojects\gore\source\gore_math.h(754): warning C4244: '=': conversion from 'u32' to 'float', possible loss of data
e:\myprojects\gore\source\gore_math.h(755): warning C4244: '=': conversion from 'u32' to 'float', possible loss of data
e:\myprojects\gore\source\gore_math.h(756): warning C4244: '=': conversion from 'u32' to 'float', possible loss of data
e:\myprojects\gore\source\gore_math.h(757): warning C4244: '=': conversion from 'u32' to 'float', possible loss of data
e:\myprojects\gore\source\gore_debug_layer.h(5): fatal error C1083: Cannot open include file: 'SDL.h': No such file or directory
  sdl_gore.cpp
Source\sdl_gore.cpp(1): fatal error C1083: Cannot open include file: 'SDL.h': No such file or directory
  gore_asset.cpp
e:\myprojects\gore\source\gore_math.h(143): warning C4244: 'initializing': conversion from 'double' to 'float', possible loss of data
e:\myprojects\gore\source\gore_math.h(754): warning C4244: '=': conversion from 'u32' to 'float', possible loss of data
e:\myprojects\gore\source\gore_math.h(755): warning C4244: '=': conversion from 'u32' to 'float', possible loss of data
e:\myprojects\gore\source\gore_math.h(756): warning C4244: '=': conversion from 'u32' to 'float', possible loss of data
e:\myprojects\gore\source\gore_math.h(757): warning C4244: '=': conversion from 'u32' to 'float', possible loss of data
e:\myprojects\gore\source\gore_debug_layer.h(5): fatal error C1083: Cannot open include file: 'SDL.h': No such file or directory
  gore_game_layer.cpp
e:\myprojects\gore\source\gore_math.h(143): warning C4244: 'initializing': conversion from 'double' to 'float', possible loss of data
e:\myprojects\gore\source\gore_math.h(754): warning C4244: '=': conversion from 'u32' to 'float', possible loss of data
e:\myprojects\gore\source\gore_math.h(755): warning C4244: '=': conversion from 'u32' to 'float', possible loss of data
e:\myprojects\gore\source\gore_math.h(756): warning C4244: '=': conversion from 'u32' to 'float', possible loss of data
e:\myprojects\gore\source\gore_math.h(757): warning C4244: '=': conversion from 'u32' to 'float', possible loss of data
e:\myprojects\gore\source\gore_debug_layer.h(5): fatal error C1083: Cannot open include file: 'SDL.h': No such file or directory
  gore_gui.cpp
e:\myprojects\gore\source\gore_math.h(143): warning C4244: 'initializing': conversion from 'double' to 'float', possible loss of data
e:\myprojects\gore\source\gore_math.h(754): warning C4244: '=': conversion from 'u32' to 'float', possible loss of data
e:\myprojects\gore\source\gore_math.h(755): warning C4244: '=': conversion from 'u32' to 'float', possible loss of data
e:\myprojects\gore\source\gore_math.h(756): warning C4244: '=': conversion from 'u32' to 'float', possible loss of data
e:\myprojects\gore\source\gore_math.h(757): warning C4244: '=': conversion from 'u32' to 'float', possible loss of data
e:\myprojects\gore\source\gore_debug_layer.h(5): fatal error C1083: Cannot open include file: 'SDL.h': No such file or directory
  gore_renderer.cpp
e:\myprojects\gore\source\gore_math.h(143): warning C4244: 'initializing': conversion from 'double' to 'float', possible loss of data
e:\myprojects\gore\source\gore_math.h(754): warning C4244: '=': conversion from 'u32' to 'float', possible loss of data
e:\myprojects\gore\source\gore_math.h(755): warning C4244: '=': conversion from 'u32' to 'float', possible loss of data
e:\myprojects\gore\source\gore_math.h(756): warning C4244: '=': conversion from 'u32' to 'float', possible loss of data
e:\myprojects\gore\source\gore_math.h(757): warning C4244: '=': conversion from 'u32' to 'float', possible loss of data
e:\myprojects\gore\source\gore_debug_layer.h(5): fatal error C1083: Cannot open include file: 'SDL.h': No such file or directory
  gore_render_stack.cpp
e:\myprojects\gore\source\gore_math.h(143): warning C4244: 'initializing': conversion from 'double' to 'float', possible loss of data
e:\myprojects\gore\source\gore_math.h(754): warning C4244: '=': conversion from 'u32' to 'float', possible loss of data
e:\myprojects\gore\source\gore_math.h(755): warning C4244: '=': conversion from 'u32' to 'float', possible loss of data
e:\myprojects\gore\source\gore_math.h(756): warning C4244: '=': conversion from 'u32' to 'float', possible loss of data
e:\myprojects\gore\source\gore_math.h(757): warning C4244: '=': conversion from 'u32' to 'float', possible loss of data
e:\myprojects\gore\source\gore_debug_layer.h(5): fatal error C1083: Cannot open include file: 'SDL.h': No such file or directory
