e:\programming\myprojects\workout\build\vc140.pdb
e:\programming\myprojects\workout\build\vc140.idb
e:\programming\myprojects\workout\build\sdl_workout.obj
e:\programming\myprojects\workout\build\workout_asset.obj
e:\programming\myprojects\workout\build\workout_debug.obj
e:\programming\myprojects\workout\build\workout_game_layer.obj
e:\programming\myprojects\workout\build\workout_renderer.obj
e:\programming\myprojects\workout\build\workout_render_stack.obj
e:\programming\myprojects\workout\build\workout_vulkan.obj
e:\programming\myprojects\workout\build\workout_gui.obj
d:\dima\workout\build\vc140.pdb
d:\dima\workout\build\vc140.idb
d:\dima\workout\build\sdl_workout.obj
d:\dima\workout\build\workout_asset.obj
d:\dima\workout\build\workout_debug.obj
d:\dima\workout\build\workout_game_layer.obj
d:\dima\workout\build\workout_gui.obj
d:\dima\workout\build\workout_renderer.obj
d:\dima\workout\build\workout_render_stack.obj
d:\dima\workout\build\workout_vulkan.obj
e:\programming\myprojects\workout\build\workout.ilk
e:\programming\myprojects\workout\build\workout.exe
e:\programming\myprojects\workout\build\workout.pdb
d:\dima\workout\build\workout.ilk
d:\dima\workout\build\workout.exe
d:\dima\workout\build\workout.pdb
e:\programming\myprojects\workout\build\workout.lib
e:\programming\myprojects\workout\build\workout.exp
d:\dima\workout\build\workout.lib
d:\dima\workout\build\workout.exp
d:\dima\workout\.\build\workout.exe
d:\dima\workout\build\workout.tlog\cl.command.1.tlog
d:\dima\workout\build\workout.tlog\cl.read.1.tlog
d:\dima\workout\build\workout.tlog\cl.write.1.tlog
d:\dima\workout\build\workout.tlog\link.command.1.tlog
d:\dima\workout\build\workout.tlog\link.read.1.tlog
d:\dima\workout\build\workout.tlog\link.write.1.tlog
d:\dima\workout\build\workout.tlog\workout.write.1u.tlog
